{
  "RSpec": {
    "coverage": {
      "/home/rafatois/Documents/UnB/GCS/pesquini/pesquini/spec/controllers/enterprises_controller_spec.rb": [
        1,
        null,
        0,
        0,
        0,
        null,
        null,
        0,
        0,
        0,
        0,
        0,
        null,
        null,
        null,
        0,
        0,
        0,
        0,
        0,
        null,
        null,
        null,
        null,
        null
      ],
      "/home/rafatois/Documents/UnB/GCS/pesquini/pesquini/spec/rails_helper.rb": [
        null,
        1,
        1,
        1,
        0,
        0,
        null,
        null,
        null,
        null,
        null,
        null,
        null,
        null,
        null,
        null,
        null,
        null,
        null,
        null,
        null,
        null,
        null,
        null,
        null,
        null,
        0,
        null,
        0,
        null,
        0,
        null,
        null,
        null,
        null,
        0,
        null,
        null,
        null,
        null,
        null,
        null,
        null,
        null,
        null,
        null,
        null,
        null,
        null,
        null,
        null
      ],
      "/home/rafatois/Documents/UnB/GCS/pesquini/pesquini/config/environment.rb": [
        null,
        1,
        null,
        null,
        0
      ],
      "/home/rafatois/Documents/UnB/GCS/pesquini/pesquini/config/application.rb": [
        1,
        null,
        0,
        null,
        null,
        null,
        0,
        null,
        0,
        0,
        null,
        null,
        null,
        null,
        null,
        null,
        null,
        null,
        null,
        null,
        null,
        null,
        null,
        0,
        null,
        null
      ],
      "/home/rafatois/Documents/UnB/GCS/pesquini/pesquini/config/boot.rb": [
        1,
        null,
        1
      ]
    },
    "timestamp": 1511178158
  }
}
